build/app/intermediates/manifest_merge_blame_file/debug/manifest-merger-blame-debug-report.txt
1<?xml version="1.0" encoding="utf-8"?>
2<manifest xmlns:android="http://schemas.android.com/apk/res/android"
3    package="com.example.drove"
4    android:versionCode="1"
5    android:versionName="1.0.0" >
6
7    <uses-sdk
8        android:minSdkVersion="16"
9        android:targetSdkVersion="28" />
10    <!--
11         Flutter needs it to communicate with the running application
12         to allow setting breakpoints, to provide hot reload, etc.
13    -->
14    <uses-permission android:name="android.permission.INTERNET" />
14-->src/debug/AndroidManifest.xml:6:5-66
14-->src/debug/AndroidManifest.xml:6:22-64
15    <!-- Although the *SdkVersion is captured in gradle build files, this is required for non gradle builds -->
16    <!-- <uses-sdk android:minSdkVersion="14" /> -->
17    <uses-permission android:name="android.permission.ACCESS_NETWORK_STATE" />
17-->[com.google.firebase:firebase-firestore:21.4.3] AndroidManifest.xml:13:5-79
17-->[com.google.firebase:firebase-firestore:21.4.3] AndroidManifest.xml:13:22-76
18    <uses-permission android:name="android.permission.WAKE_LOCK" /> <!-- Required by older versions of Google Play services to create IID tokens -->
18-->[com.google.android.gms:play-services-measurement-api:17.4.1] AndroidManifest.xml:24:5-68
18-->[com.google.android.gms:play-services-measurement-api:17.4.1] AndroidManifest.xml:24:22-65
19    <uses-permission android:name="com.google.android.c2dm.permission.RECEIVE" />
19-->[com.google.firebase:firebase-iid:20.1.5] AndroidManifest.xml:26:5-82
19-->[com.google.firebase:firebase-iid:20.1.5] AndroidManifest.xml:26:22-79
20    <uses-permission android:name="com.google.android.finsky.permission.BIND_GET_INSTALL_REFERRER_SERVICE" />
20-->[com.google.android.gms:play-services-measurement:17.4.1] AndroidManifest.xml:26:5-110
20-->[com.google.android.gms:play-services-measurement:17.4.1] AndroidManifest.xml:26:22-107
21    <!--
22 io.flutter.app.FlutterApplication is an android.app.Application that
23         calls FlutterMain.startInitialization(this); in its onCreate method.
24         In most cases you can leave this as-is, but you if you want to provide
25         additional functionality it is fine to subclass or reimplement
26         FlutterApplication and put your custom class here.
27    -->
28    <application
28-->src/main/AndroidManifest.xml:8:5-46:19
29        android:name="io.flutter.app.FlutterApplication"
29-->src/main/AndroidManifest.xml:9:9-57
30        android:appComponentFactory="androidx.core.app.CoreComponentFactory"
30-->[androidx.core:core:1.1.0] AndroidManifest.xml:24:18-86
31        android:debuggable="true"
32        android:icon="@mipmap/ic_launcher"
32-->src/main/AndroidManifest.xml:11:9-43
33        android:label="drove" >
33-->src/main/AndroidManifest.xml:10:9-30
34        <activity
34-->src/main/AndroidManifest.xml:12:9-40:20
35            android:name="com.example.drove.MainActivity"
35-->src/main/AndroidManifest.xml:13:13-41
36            android:configChanges="orientation|keyboardHidden|keyboard|screenSize|smallestScreenSize|locale|layoutDirection|fontScale|screenLayout|density|uiMode"
36-->src/main/AndroidManifest.xml:16:13-163
37            android:hardwareAccelerated="true"
37-->src/main/AndroidManifest.xml:17:13-47
38            android:launchMode="singleTop"
38-->src/main/AndroidManifest.xml:14:13-43
39            android:theme="@style/LaunchTheme"
39-->src/main/AndroidManifest.xml:15:13-47
40            android:windowSoftInputMode="adjustResize" >
40-->src/main/AndroidManifest.xml:18:13-55
41
42            <!--
43                 Specifies an Android theme to apply to this Activity as soon as
44                 the Android process has started. This theme is visible to the user
45                 while the Flutter UI initializes. After that, this theme continues
46                 to determine the Window background behind the Flutter UI.
47            -->
48            <meta-data
48-->src/main/AndroidManifest.xml:23:13-26:17
49                android:name="io.flutter.embedding.android.NormalTheme"
49-->src/main/AndroidManifest.xml:24:15-70
50                android:resource="@style/NormalTheme" />
50-->src/main/AndroidManifest.xml:25:15-52
51            <!--
52                 Displays an Android View that continues showing the launch screen
53                 Drawable until Flutter paints its first frame, then this splash
54                 screen fades out. A splash screen is useful to avoid any visual
55                 gap between the end of Android's launch screen and the painting of
56                 Flutter's first frame.
57            -->
58            <meta-data
58-->src/main/AndroidManifest.xml:32:13-35:17
59                android:name="io.flutter.embedding.android.SplashScreenDrawable"
59-->src/main/AndroidManifest.xml:33:15-79
60                android:resource="@drawable/launch_background" />
60-->src/main/AndroidManifest.xml:34:15-61
61
62            <intent-filter>
62-->src/main/AndroidManifest.xml:36:13-39:29
63                <action android:name="android.intent.action.MAIN" />
63-->src/main/AndroidManifest.xml:37:17-68
63-->src/main/AndroidManifest.xml:37:25-66
64
65                <category android:name="android.intent.category.LAUNCHER" />
65-->src/main/AndroidManifest.xml:38:17-76
65-->src/main/AndroidManifest.xml:38:27-74
66            </intent-filter>
67        </activity>
68        <!--
69             Don't delete the meta-data below.
70             This is used by the Flutter tool to generate GeneratedPluginRegistrant.java
71        -->
72        <meta-data
72-->src/main/AndroidManifest.xml:43:9-45:33
73            android:name="flutterEmbedding"
73-->src/main/AndroidManifest.xml:44:13-44
74            android:value="2" />
74-->src/main/AndroidManifest.xml:45:13-30
75
76        <service
76-->[:firebase_auth] AndroidManifest.xml:8:9-12:19
77            android:name="com.google.firebase.components.ComponentDiscoveryService"
77-->[:firebase_auth] AndroidManifest.xml:8:18-89
78            android:directBootAware="true"
78-->[com.google.firebase:firebase-common:19.3.0] AndroidManifest.xml:34:13-43
79            android:exported="false" >
79-->[com.google.firebase:firebase-auth:19.3.1] AndroidManifest.xml:35:13-37
80            <meta-data
80-->[:firebase_auth] AndroidManifest.xml:9:13-11:85
81                android:name="com.google.firebase.components:io.flutter.plugins.firebase.auth.FlutterFirebaseAuthRegistrar"
81-->[:firebase_auth] AndroidManifest.xml:10:17-124
82                android:value="com.google.firebase.components.ComponentRegistrar" />
82-->[:firebase_auth] AndroidManifest.xml:11:17-82
83            <meta-data
83-->[:cloud_firestore] AndroidManifest.xml:9:13-11:85
84                android:name="com.google.firebase.components:io.flutter.plugins.firebase.firestore.FlutterFirebaseFirestoreRegistrar"
84-->[:cloud_firestore] AndroidManifest.xml:10:17-134
85                android:value="com.google.firebase.components.ComponentRegistrar" />
85-->[:cloud_firestore] AndroidManifest.xml:11:17-82
86            <meta-data
86-->[:firebase_core] AndroidManifest.xml:9:13-11:85
87                android:name="com.google.firebase.components:io.flutter.plugins.firebase.core.FlutterFirebaseCoreRegistrar"
87-->[:firebase_core] AndroidManifest.xml:10:17-124
88                android:value="com.google.firebase.components.ComponentRegistrar" />
88-->[:firebase_core] AndroidManifest.xml:11:17-82
89            <meta-data
89-->[com.google.firebase:firebase-auth:19.3.1] AndroidManifest.xml:36:13-38:85
90                android:name="com.google.firebase.components:com.google.firebase.auth.FirebaseAuthRegistrar"
90-->[com.google.firebase:firebase-auth:19.3.1] AndroidManifest.xml:37:17-109
91                android:value="com.google.firebase.components.ComponentRegistrar" />
91-->[com.google.firebase:firebase-auth:19.3.1] AndroidManifest.xml:38:17-82
92            <meta-data
92-->[com.google.firebase:firebase-firestore:21.4.3] AndroidManifest.xml:20:13-22:85
93                android:name="com.google.firebase.components:com.google.firebase.firestore.FirestoreRegistrar"
93-->[com.google.firebase:firebase-firestore:21.4.3] AndroidManifest.xml:21:17-111
94                android:value="com.google.firebase.components.ComponentRegistrar" />
94-->[com.google.firebase:firebase-firestore:21.4.3] AndroidManifest.xml:22:17-82
95            <meta-data
95-->[com.google.android.gms:play-services-measurement-api:17.4.1] AndroidManifest.xml:30:13-32:85
96                android:name="com.google.firebase.components:com.google.firebase.analytics.connector.internal.AnalyticsConnectorRegistrar"
96-->[com.google.android.gms:play-services-measurement-api:17.4.1] AndroidManifest.xml:31:17-139
97                android:value="com.google.firebase.components.ComponentRegistrar" />
97-->[com.google.android.gms:play-services-measurement-api:17.4.1] AndroidManifest.xml:32:17-82
98            <meta-data
98-->[com.google.firebase:firebase-iid:20.1.5] AndroidManifest.xml:32:13-34:85
99                android:name="com.google.firebase.components:com.google.firebase.iid.Registrar"
99-->[com.google.firebase:firebase-iid:20.1.5] AndroidManifest.xml:33:17-96
100                android:value="com.google.firebase.components.ComponentRegistrar" />
100-->[com.google.firebase:firebase-iid:20.1.5] AndroidManifest.xml:34:17-82
101            <meta-data
101-->[com.google.firebase:firebase-installations:16.2.1] AndroidManifest.xml:17:13-19:85
102                android:name="com.google.firebase.components:com.google.firebase.installations.FirebaseInstallationsRegistrar"
102-->[com.google.firebase:firebase-installations:16.2.1] AndroidManifest.xml:18:17-127
103                android:value="com.google.firebase.components.ComponentRegistrar" />
103-->[com.google.firebase:firebase-installations:16.2.1] AndroidManifest.xml:19:17-82
104        </service>
105
106        <activity
106-->[com.google.firebase:firebase-auth:19.3.1] AndroidManifest.xml:24:9-31:50
107            android:name="com.google.firebase.auth.internal.FederatedSignInActivity"
107-->[com.google.firebase:firebase-auth:19.3.1] AndroidManifest.xml:25:13-85
108            android:excludeFromRecents="true"
108-->[com.google.firebase:firebase-auth:19.3.1] AndroidManifest.xml:26:13-46
109            android:exported="true"
109-->[com.google.firebase:firebase-auth:19.3.1] AndroidManifest.xml:27:13-36
110            android:launchMode="singleTask"
110-->[com.google.firebase:firebase-auth:19.3.1] AndroidManifest.xml:28:13-44
111            android:permission="com.google.firebase.auth.api.gms.permission.LAUNCH_FEDERATED_SIGN_IN"
111-->[com.google.firebase:firebase-auth:19.3.1] AndroidManifest.xml:29:13-102
112            android:theme="@android:style/Theme.Translucent.NoTitleBar" />
112-->[com.google.firebase:firebase-auth:19.3.1] AndroidManifest.xml:30:13-72
113
114        <receiver
114-->[com.google.firebase:firebase-iid:20.1.5] AndroidManifest.xml:37:9-44:20
115            android:name="com.google.firebase.iid.FirebaseInstanceIdReceiver"
115-->[com.google.firebase:firebase-iid:20.1.5] AndroidManifest.xml:38:13-78
116            android:exported="true"
116-->[com.google.firebase:firebase-iid:20.1.5] AndroidManifest.xml:39:13-36
117            android:permission="com.google.android.c2dm.permission.SEND" >
117-->[com.google.firebase:firebase-iid:20.1.5] AndroidManifest.xml:40:13-73
118            <intent-filter>
118-->[com.google.firebase:firebase-iid:20.1.5] AndroidManifest.xml:41:13-43:29
119                <action android:name="com.google.android.c2dm.intent.RECEIVE" />
119-->[com.google.firebase:firebase-iid:20.1.5] AndroidManifest.xml:42:17-81
119-->[com.google.firebase:firebase-iid:20.1.5] AndroidManifest.xml:42:25-78
120            </intent-filter>
121        </receiver>
122
123        <activity
123-->[com.google.android.gms:play-services-base:17.1.0] AndroidManifest.xml:23:9-26:75
124            android:name="com.google.android.gms.common.api.GoogleApiActivity"
124-->[com.google.android.gms:play-services-base:17.1.0] AndroidManifest.xml:24:13-79
125            android:exported="false"
125-->[com.google.android.gms:play-services-base:17.1.0] AndroidManifest.xml:25:13-37
126            android:theme="@android:style/Theme.Translucent.NoTitleBar" />
126-->[com.google.android.gms:play-services-base:17.1.0] AndroidManifest.xml:26:13-72
127
128        <receiver
128-->[com.google.android.gms:play-services-measurement:17.4.1] AndroidManifest.xml:29:9-33:20
129            android:name="com.google.android.gms.measurement.AppMeasurementReceiver"
129-->[com.google.android.gms:play-services-measurement:17.4.1] AndroidManifest.xml:30:13-85
130            android:enabled="true"
130-->[com.google.android.gms:play-services-measurement:17.4.1] AndroidManifest.xml:31:13-35
131            android:exported="false" >
131-->[com.google.android.gms:play-services-measurement:17.4.1] AndroidManifest.xml:32:13-37
132        </receiver>
133
134        <service
134-->[com.google.android.gms:play-services-measurement:17.4.1] AndroidManifest.xml:35:9-38:40
135            android:name="com.google.android.gms.measurement.AppMeasurementService"
135-->[com.google.android.gms:play-services-measurement:17.4.1] AndroidManifest.xml:36:13-84
136            android:enabled="true"
136-->[com.google.android.gms:play-services-measurement:17.4.1] AndroidManifest.xml:37:13-35
137            android:exported="false" />
137-->[com.google.android.gms:play-services-measurement:17.4.1] AndroidManifest.xml:38:13-37
138        <service
138-->[com.google.android.gms:play-services-measurement:17.4.1] AndroidManifest.xml:39:9-43:72
139            android:name="com.google.android.gms.measurement.AppMeasurementJobService"
139-->[com.google.android.gms:play-services-measurement:17.4.1] AndroidManifest.xml:40:13-87
140            android:enabled="true"
140-->[com.google.android.gms:play-services-measurement:17.4.1] AndroidManifest.xml:41:13-35
141            android:exported="false"
141-->[com.google.android.gms:play-services-measurement:17.4.1] AndroidManifest.xml:42:13-37
142            android:permission="android.permission.BIND_JOB_SERVICE" />
142-->[com.google.android.gms:play-services-measurement:17.4.1] AndroidManifest.xml:43:13-69
143
144        <provider
144-->[com.google.firebase:firebase-common:19.3.0] AndroidManifest.xml:26:9-30:39
145            android:name="com.google.firebase.provider.FirebaseInitProvider"
145-->[com.google.firebase:firebase-common:19.3.0] AndroidManifest.xml:27:13-77
146            android:authorities="com.example.drove.firebaseinitprovider"
146-->[com.google.firebase:firebase-common:19.3.0] AndroidManifest.xml:28:13-72
147            android:exported="false"
147-->[com.google.firebase:firebase-common:19.3.0] AndroidManifest.xml:29:13-37
148            android:initOrder="100" />
148-->[com.google.firebase:firebase-common:19.3.0] AndroidManifest.xml:30:13-36
149
150        <meta-data
150-->[com.google.android.gms:play-services-basement:17.0.0] AndroidManifest.xml:23:9-25:69
151            android:name="com.google.android.gms.version"
151-->[com.google.android.gms:play-services-basement:17.0.0] AndroidManifest.xml:24:13-58
152            android:value="@integer/google_play_services_version" />
152-->[com.google.android.gms:play-services-basement:17.0.0] AndroidManifest.xml:25:13-66
153    </application>
154
155</manifest>